Gnucap 2009.12.07 RCS 26.136
The Gnu Circuit Analysis Package
Never trust any version less than 1.0
Copyright 1982-2009, Albert Davis
Gnucap comes with ABSOLUTELY NO WARRANTY
This is free software, and you are welcome
to redistribute it under the terms of 
the GNU General Public License, version 3 or later.
See the file "COPYING" for details.
******************************************************************************** 
#           V(Vin)    
 0.         0.        
 10.        0.        
 20.        0.        
 30.        0.        
 40.        0.        
 50.        0.        
 60.        0.        
 70.        0.        
 80.        0.        
 90.        0.        
 100.       0.        

